#
# There is insufficient memory for the Java Runtime Environment to continue.
# Native memory allocation (malloc) failed to allocate 1048576 bytes for AllocateHeap
# Possible reasons:
#   The system is out of physical RAM or swap space
#   The process is running with CompressedOops enabled, and the Java Heap may be blocking the growth of the native heap
# Possible solutions:
#   Reduce memory load on the system
#   Increase physical memory or swap space
#   Check if swap backing store is full
#   Decrease Java heap size (-Xmx/-Xms)
#   Decrease number of Java threads
#   Decrease Java thread stack sizes (-Xss)
#   Set larger code cache with -XX:ReservedCodeCacheSize=
#   JVM is running with Unscaled Compressed Oops mode in which the Java heap is
#     placed in the first 4GB address space. The Java Heap base address is the
#     maximum limit for the native heap growth. Please use -XX:HeapBaseMinAddress
#     to set the Java Heap base and to place the Java Heap above 4GB virtual address.
# This output file may be truncated or incomplete.
#
#  Out of Memory Error (allocation.cpp:44), pid=4320, tid=21696
#
# JRE version:  (17.0.9+9) (build )
# Java VM: OpenJDK 64-Bit Server VM (17.0.9+9, mixed mode, tiered, compressed oops, compressed class ptrs, parallel gc, windows-amd64)
# No core dump will be written. Minidumps are not enabled by default on client versions of Windows
#

---------------  S U M M A R Y ------------

Command Line: --add-modules=ALL-SYSTEM --add-opens=java.base/java.util=ALL-UNNAMED --add-opens=java.base/java.lang=ALL-UNNAMED --add-opens=java.base/sun.nio.fs=ALL-UNNAMED -Declipse.application=org.eclipse.jdt.ls.core.id1 -Dosgi.bundles.defaultStartLevel=4 -Declipse.product=org.eclipse.jdt.ls.core.product -Djava.import.generatesMetadataFilesAtProjectRoot=false -DDetectVMInstallationsJob.disabled=true -Dfile.encoding=utf8 -XX:+UseParallelGC -XX:GCTimeRatio=4 -XX:AdaptiveSizePolicyWeight=90 -Dsun.zip.disableMemoryMapping=true -Xmx1G -Xms100m -Xlog:disable -javaagent:c:\Users\91993\.vscode\extensions\redhat.java-1.25.1-win32-x64\lombok\lombok-1.18.30.jar -XX:+HeapDumpOnOutOfMemoryError -XX:HeapDumpPath=c:\Users\91993\AppData\Roaming\Code\User\workspaceStorage\244ba854a01daa398e900e74784e95ac\redhat.java -Daether.dependencyCollector.impl=bf c:\Users\91993\.vscode\extensions\redhat.java-1.25.1-win32-x64\server\plugins\org.eclipse.equinox.launcher_1.6.600.v20231106-1826.jar -configuration c:\Users\91993\AppData\Roaming\Code\User\globalStorage\redhat.java\1.25.1\config_win -data c:\Users\91993\AppData\Roaming\Code\User\workspaceStorage\244ba854a01daa398e900e74784e95ac\redhat.java\jdt_ws --stdio

Host: Intel(R) Core(TM) i5-1035G1 CPU @ 1.00GHz, 8 cores, 7G,  Windows 11 , 64 bit Build 22621 (10.0.22621.2506)
Time: Sun Dec 24 12:30:51 2023 India Standard Time elapsed time: 0.158592 seconds (0d 0h 0m 0s)

---------------  T H R E A D  ---------------

Current thread (0x0000025885461260):  JavaThread "Unknown thread" [_thread_in_vm, id=21696, stack(0x000000aa92700000,0x000000aa92800000)]

Stack: [0x000000aa92700000,0x000000aa92800000]
Native frames: (J=compiled Java code, j=interpreted, Vv=VM code, C=native code)
V  [jvm.dll+0x67cf49]
V  [jvm.dll+0x83478a]
V  [jvm.dll+0x83624e]
V  [jvm.dll+0x8368b3]
V  [jvm.dll+0x247f1f]
V  [jvm.dll+0xa6b4b]
V  [jvm.dll+0x6baae3]
V  [jvm.dll+0x6bb65f]
V  [jvm.dll+0x689688]
V  [jvm.dll+0x80674b]
V  [jvm.dll+0x36cfb4]
V  [jvm.dll+0x7e4aac]
V  [jvm.dll+0x3f07af]
V  [jvm.dll+0x3f23e1]
C  [jli.dll+0x528f]
C  [ucrtbase.dll+0x29363]
C  [KERNEL32.DLL+0x1257d]
C  [ntdll.dll+0x5aa58]


---------------  P R O C E S S  ---------------

Threads class SMR info:
_java_thread_list=0x00007ff91e3fee98, length=0, elements={
}

Java Threads: ( => current thread )

Other Threads:
  0x0000025885478280 GCTaskThread "GC Thread#0" [stack: 0x000000aa92800000,0x000000aa92900000] [id=11724]

=>0x0000025885461260 (exited) JavaThread "Unknown thread" [_thread_in_vm, id=21696, stack(0x000000aa92700000,0x000000aa92800000)]

Threads with active compile tasks:

VM state: not at safepoint (normal execution)

VM Mutex/Monitor currently owned by a thread: None

Heap address: 0x00000000c0000000, size: 1024 MB, Compressed Oops mode: 32-bit

CDS archive(s) not mapped
Compressed class space mapped at: 0x0000000100000000-0x0000000140000000, reserved size: 1073741824
Narrow klass base: 0x0000000000000000, Narrow klass shift: 3, Narrow klass range: 0x140000000

GC Precious Log:
 CPUs: 8 total, 8 available
 Memory: 7946M
 Large Page Support: Disabled
 NUMA Support: Disabled
 Compressed Oops: Enabled (32-bit)
 Alignments: Space 512K, Generation 512K, Heap 2M
 Heap Min Capacity: 100M
 Heap Initial Capacity: 100M
 Heap Max Capacity: 1G
 Pre-touch: Disabled
 Parallel Workers: 8

Heap:
 PSYoungGen      total 29696K, used 512K [0x00000000eab00000, 0x00000000ecc00000, 0x0000000100000000)
  eden space 25600K, 2% used [0x00000000eab00000,0x00000000eab80070,0x00000000ec400000)
  from space 4096K, 0% used [0x00000000ec800000,0x00000000ec800000,0x00000000ecc00000)
  to   space 4096K, 0% used [0x00000000ec400000,0x00000000ec400000,0x00000000ec800000)
 ParOldGen       total 68608K, used 0K [0x00000000c0000000, 0x00000000c4300000, 0x00000000eab00000)
  object space 68608K, 0% used [0x00000000c0000000,0x00000000c0000000,0x00000000c4300000)
 Metaspace       used 1149K, committed 1216K, reserved 1114112K
  class space    used 101K, committed 128K, reserved 1048576K

Card table byte_map: [0x0000025884df0000,0x0000025885000000] _byte_map_base: 0x00000258847f0000

Marking Bits: (ParMarkBitMap*) 0x00007ff91e46d0b0
 Begin Bits: [0x00000258970f0000, 0x00000258980f0000)
 End Bits:   [0x00000258980f0000, 0x00000258990f0000)

Polling page: 0x0000025883420000

Metaspace:

Usage:
  Non-class:      1.02 MB used.
      Class:    101.05 KB used.
       Both:      1.12 MB used.

Virtual space:
  Non-class space:       64.00 MB reserved,       1.06 MB (  2%) committed,  1 nodes.
      Class space:        1.00 GB reserved,     128.00 KB ( <1%) committed,  1 nodes.
             Both:        1.06 GB reserved,       1.19 MB ( <1%) committed. 

Chunk freelists:
   Non-Class:  12.00 MB
       Class:  15.75 MB
        Both:  27.75 MB

MaxMetaspaceSize: unlimited
CompressedClassSpaceSize: 1.00 GB
Initial GC threshold: 21.00 MB
Current GC threshold: 17179869184.00 GB
CDS: off
MetaspaceReclaimPolicy: balanced
 - commit_granule_bytes: 65536.
 - commit_granule_words: 8192.
 - virtual_space_node_default_size: 8388608.
 - enlarge_chunks_in_place: 1.
 - new_chunks_are_fully_committed: 0.
 - uncommit_free_chunks: 1.
 - use_allocation_guard: 0.
 - handle_deallocations: 1.


Internal statistics:

num_allocs_failed_limit: 0.
num_arena_births: 2.
num_arena_deaths: 0.
num_vsnodes_births: 2.
num_vsnodes_deaths: 0.
num_space_committed: 19.
num_space_uncommitted: 0.
num_chunks_returned_to_freelist: 0.
num_chunks_taken_from_freelist: 3.
num_chunk_merges: 0.
num_chunk_splits: 2.
num_chunks_enlarged: 0.
num_inconsistent_stats: 0.

CodeHeap 'non-profiled nmethods': size=120000Kb used=0Kb max_used=0Kb free=120000Kb
 bounds [0x000002588fbc0000, 0x000002588fe30000, 0x00000258970f0000]
CodeHeap 'profiled nmethods': size=120000Kb used=0Kb max_used=0Kb free=120000Kb
 bounds [0x00000258880f0000, 0x0000025888360000, 0x000002588f620000]
CodeHeap 'non-nmethods': size=5760Kb used=208Kb max_used=360Kb free=5551Kb
 bounds [0x000002588f620000, 0x000002588f890000, 0x000002588fbc0000]
 total_blobs=66 nmethods=0 adapters=47
 compilation: enabled
              stopped_count=0, restarted_count=0
 full_count=0

Compilation events (0 events):
No events

GC Heap History (0 events):
No events

Dll operation events (1 events):
Event: 0.045 Loaded shared library c:\Users\91993\.vscode\extensions\redhat.java-1.25.1-win32-x64\jre\17.0.9-win32-x86_64\bin\java.dll

Deoptimization events (0 events):
No events

Classes unloaded (0 events):
No events

Classes redefined (0 events):
No events

Internal exceptions (0 events):
No events

VM Operations (0 events):
No events

Events (20 events):
Event: 0.120 loading class java/lang/Long
Event: 0.120 loading class java/lang/Long done
Event: 0.120 loading class java/util/Iterator
Event: 0.120 loading class java/util/Iterator done
Event: 0.120 loading class java/lang/reflect/RecordComponent
Event: 0.120 loading class java/lang/reflect/RecordComponent done
Event: 0.120 loading class jdk/internal/vm/vector/VectorSupport
Event: 0.120 loading class jdk/internal/vm/vector/VectorSupport done
Event: 0.120 loading class jdk/internal/vm/vector/VectorSupport$VectorPayload
Event: 0.120 loading class jdk/internal/vm/vector/VectorSupport$VectorPayload done
Event: 0.120 loading class jdk/internal/vm/vector/VectorSupport$Vector
Event: 0.120 loading class jdk/internal/vm/vector/VectorSupport$Vector done
Event: 0.120 loading class jdk/internal/vm/vector/VectorSupport$VectorMask
Event: 0.120 loading class jdk/internal/vm/vector/VectorSupport$VectorMask done
Event: 0.120 loading class jdk/internal/vm/vector/VectorSupport$VectorShuffle
Event: 0.120 loading class jdk/internal/vm/vector/VectorSupport$VectorShuffle done
Event: 0.124 loading class java/lang/NullPointerException
Event: 0.124 loading class java/lang/NullPointerException done
Event: 0.124 loading class java/lang/ArithmeticException
Event: 0.124 loading class java/lang/ArithmeticException done


Dynamic libraries:
0x00007ff6a85e0000 - 0x00007ff6a85ee000 	c:\Users\91993\.vscode\extensions\redhat.java-1.25.1-win32-x64\jre\17.0.9-win32-x86_64\bin\java.exe
0x00007ff9819b0000 - 0x00007ff981bc7000 	C:\WINDOWS\SYSTEM32\ntdll.dll
0x00007ff9800a0000 - 0x00007ff980164000 	C:\WINDOWS\System32\KERNEL32.DLL
0x00007ff97ee40000 - 0x00007ff97f1e6000 	C:\WINDOWS\System32\KERNELBASE.dll
0x00007ff97f390000 - 0x00007ff97f4a1000 	C:\WINDOWS\System32\ucrtbase.dll
0x00007ff968c30000 - 0x00007ff968c47000 	c:\Users\91993\.vscode\extensions\redhat.java-1.25.1-win32-x64\jre\17.0.9-win32-x86_64\bin\jli.dll
0x00007ff9808e0000 - 0x00007ff980a8e000 	C:\WINDOWS\System32\USER32.dll
0x00007ff968b90000 - 0x00007ff968bab000 	c:\Users\91993\.vscode\extensions\redhat.java-1.25.1-win32-x64\jre\17.0.9-win32-x86_64\bin\VCRUNTIME140.dll
0x00007ff97f360000 - 0x00007ff97f386000 	C:\WINDOWS\System32\win32u.dll
0x00007ff9815a0000 - 0x00007ff9815c9000 	C:\WINDOWS\System32\GDI32.dll
0x00007ff965da0000 - 0x00007ff966033000 	C:\WINDOWS\WinSxS\amd64_microsoft.windows.common-controls_6595b64144ccf1df_6.0.22621.2506_none_270c5ae97388e100\COMCTL32.dll
0x00007ff9804e0000 - 0x00007ff980587000 	C:\WINDOWS\System32\msvcrt.dll
0x00007ff97f570000 - 0x00007ff97f688000 	C:\WINDOWS\System32\gdi32full.dll
0x00007ff97eda0000 - 0x00007ff97ee3a000 	C:\WINDOWS\System32\msvcp_win.dll
0x00007ff97f700000 - 0x00007ff97f731000 	C:\WINDOWS\System32\IMM32.DLL
0x00007ff970b80000 - 0x00007ff970b8c000 	c:\Users\91993\.vscode\extensions\redhat.java-1.25.1-win32-x64\jre\17.0.9-win32-x86_64\bin\vcruntime140_1.dll
0x00007ff937f00000 - 0x00007ff937f8d000 	c:\Users\91993\.vscode\extensions\redhat.java-1.25.1-win32-x64\jre\17.0.9-win32-x86_64\bin\msvcp140.dll
0x00007ff91d8d0000 - 0x00007ff91e531000 	c:\Users\91993\.vscode\extensions\redhat.java-1.25.1-win32-x64\jre\17.0.9-win32-x86_64\bin\server\jvm.dll
0x00007ff980b60000 - 0x00007ff980c11000 	C:\WINDOWS\System32\ADVAPI32.dll
0x00007ff980ce0000 - 0x00007ff980d85000 	C:\WINDOWS\System32\sechost.dll
0x00007ff980590000 - 0x00007ff9806a7000 	C:\WINDOWS\System32\RPCRT4.dll
0x00007ff97ebf0000 - 0x00007ff97ec3d000 	C:\WINDOWS\SYSTEM32\POWRPROF.dll
0x00007ff960570000 - 0x00007ff960579000 	C:\WINDOWS\SYSTEM32\WSOCK32.dll
0x00007ff980860000 - 0x00007ff9808d1000 	C:\WINDOWS\System32\WS2_32.dll
0x00007ff9733d0000 - 0x00007ff973404000 	C:\WINDOWS\SYSTEM32\WINMM.dll
0x00007ff972f10000 - 0x00007ff972f1a000 	C:\WINDOWS\SYSTEM32\VERSION.dll
0x00007ff97ebd0000 - 0x00007ff97ebe3000 	C:\WINDOWS\SYSTEM32\UMPDC.dll
0x00007ff97dce0000 - 0x00007ff97dcf8000 	C:\WINDOWS\SYSTEM32\kernel.appcore.dll
0x00007ff96c730000 - 0x00007ff96c73a000 	c:\Users\91993\.vscode\extensions\redhat.java-1.25.1-win32-x64\jre\17.0.9-win32-x86_64\bin\jimage.dll
0x00007ff979540000 - 0x00007ff979773000 	C:\WINDOWS\SYSTEM32\DBGHELP.DLL
0x00007ff9815d0000 - 0x00007ff981959000 	C:\WINDOWS\System32\combase.dll
0x00007ff981020000 - 0x00007ff9810f7000 	C:\WINDOWS\System32\OLEAUT32.dll
0x00007ff94b4b0000 - 0x00007ff94b4e2000 	C:\WINDOWS\SYSTEM32\dbgcore.DLL
0x00007ff97ed20000 - 0x00007ff97ed9a000 	C:\WINDOWS\System32\bcryptPrimitives.dll
0x00007ff96bcf0000 - 0x00007ff96bcfe000 	c:\Users\91993\.vscode\extensions\redhat.java-1.25.1-win32-x64\jre\17.0.9-win32-x86_64\bin\instrument.dll
0x00007ff95dd90000 - 0x00007ff95ddb5000 	c:\Users\91993\.vscode\extensions\redhat.java-1.25.1-win32-x64\jre\17.0.9-win32-x86_64\bin\java.dll
0x00007ff969490000 - 0x00007ff9694a8000 	c:\Users\91993\.vscode\extensions\redhat.java-1.25.1-win32-x64\jre\17.0.9-win32-x86_64\bin\zip.dll

dbghelp: loaded successfully - version: 4.0.5 - missing functions: none
symbol engine: initialized successfully - sym options: 0x614 - pdb path: .;c:\Users\91993\.vscode\extensions\redhat.java-1.25.1-win32-x64\jre\17.0.9-win32-x86_64\bin;C:\WINDOWS\SYSTEM32;C:\WINDOWS\WinSxS\amd64_microsoft.windows.common-controls_6595b64144ccf1df_6.0.22621.2506_none_270c5ae97388e100;c:\Users\91993\.vscode\extensions\redhat.java-1.25.1-win32-x64\jre\17.0.9-win32-x86_64\bin\server

VM Arguments:
jvm_args: --add-modules=ALL-SYSTEM --add-opens=java.base/java.util=ALL-UNNAMED --add-opens=java.base/java.lang=ALL-UNNAMED --add-opens=java.base/sun.nio.fs=ALL-UNNAMED -Declipse.application=org.eclipse.jdt.ls.core.id1 -Dosgi.bundles.defaultStartLevel=4 -Declipse.product=org.eclipse.jdt.ls.core.product -Djava.import.generatesMetadataFilesAtProjectRoot=false -DDetectVMInstallationsJob.disabled=true -Dfile.encoding=utf8 -XX:+UseParallelGC -XX:GCTimeRatio=4 -XX:AdaptiveSizePolicyWeight=90 -Dsun.zip.disableMemoryMapping=true -Xmx1G -Xms100m -Xlog:disable -javaagent:c:\Users\91993\.vscode\extensions\redhat.java-1.25.1-win32-x64\lombok\lombok-1.18.30.jar -XX:+HeapDumpOnOutOfMemoryError -XX:HeapDumpPath=c:\Users\91993\AppData\Roaming\Code\User\workspaceStorage\244ba854a01daa398e900e74784e95ac\redhat.java -Daether.dependencyCollector.impl=bf 
java_command: c:\Users\91993\.vscode\extensions\redhat.java-1.25.1-win32-x64\server\plugins\org.eclipse.equinox.launcher_1.6.600.v20231106-1826.jar -configuration c:\Users\91993\AppData\Roaming\Code\User\globalStorage\redhat.java\1.25.1\config_win -data c:\Users\91993\AppData\Roaming\Code\User\workspaceStorage\244ba854a01daa398e900e74784e95ac\redhat.java\jdt_ws --stdio
java_class_path (initial): c:\Users\91993\.vscode\extensions\redhat.java-1.25.1-win32-x64\server\plugins\org.eclipse.equinox.launcher_1.6.600.v20231106-1826.jar
Launcher Type: SUN_STANDARD

[Global flags]
    uintx AdaptiveSizePolicyWeight                 = 90                                        {product} {command line}
     intx CICompilerCount                          = 4                                         {product} {ergonomic}
    uintx GCTimeRatio                              = 4                                         {product} {command line}
     bool HeapDumpOnOutOfMemoryError               = true                                   {manageable} {command line}
    ccstr HeapDumpPath                             = c:\Users\91993\AppData\Roaming\Code\User\workspaceStorage\244ba854a01daa398e900e74784e95ac\redhat.java         {manageable} {command line}
   size_t InitialHeapSize                          = 104857600                                 {product} {command line}
   size_t MaxHeapSize                              = 1073741824                                {product} {command line}
   size_t MaxNewSize                               = 357564416                                 {product} {ergonomic}
   size_t MinHeapDeltaBytes                        = 524288                                    {product} {ergonomic}
   size_t MinHeapSize                              = 104857600                                 {product} {command line}
   size_t NewSize                                  = 34603008                                  {product} {ergonomic}
    uintx NonNMethodCodeHeapSize                   = 5839372                                {pd product} {ergonomic}
    uintx NonProfiledCodeHeapSize                  = 122909434                              {pd product} {ergonomic}
   size_t OldSize                                  = 70254592                                  {product} {ergonomic}
    uintx ProfiledCodeHeapSize                     = 122909434                              {pd product} {ergonomic}
    uintx ReservedCodeCacheSize                    = 251658240                              {pd product} {ergonomic}
     bool SegmentedCodeCache                       = true                                      {product} {ergonomic}
   size_t SoftMaxHeapSize                          = 1073741824                             {manageable} {ergonomic}
     bool UseCompressedClassPointers               = true                           {product lp64_product} {ergonomic}
     bool UseCompressedOops                        = true                           {product lp64_product} {ergonomic}
     bool UseLargePagesIndividualAllocation        = false                                  {pd product} {ergonomic}
     bool UseParallelGC                            = true                                      {product} {command line}

Logging:
Log output configuration:
 #0: stdout all=off uptime,level,tags
 #1: stderr all=off uptime,level,tags

Environment Variables:
JAVA_HOME=C:\Program Files\Java\jdk-19
PATH=C:\Python311\Scripts\;C:\Python311\;C:\Program Files\Common Files\Oracle\Java\javapath;C:\Program Files (x86)\Common Files\Oracle\Java\javapath;C:\WINDOWS\system32;C:\WINDOWS;C:\WINDOWS\System32\Wbem;C:\WINDOWS\System32\WindowsPowerShell\v1.0\;C:\WINDOWS\System32\OpenSSH\;C:\msys64\mingw64\bin;C:\Users\91993\AppData\Local\Programs\Python\Python310\Scripts\;C:\Users\91993\AppData\Local\Programs\Python\Python310\;C:\Users\91993\AppData\Local\Programs\Python\Python310\Lib\site-packages;C:\Program Files\dotnet\;C:\Program Files\MySQL\MySQL Server 8.0\bin;C:\Program Files\Git\cmd;C:\ProgramData\chocolatey\bin;C:\Program Files\nodejs\;C:\Users\91993\AppData\Local\Android\Sdk\emulator;C:\Users\91993\AppData\Local\Android\Sdk\platform-tools;C:\Users\91993\AppData\Local\Android\Sdk\tools\bin;C:\Users\91993\AppData\Local\Android\Sdk\gradle-7.6\bin;C:\Program Files\PowerShell\7\;C:\Users\91993\AppData\Local\Programs\Python\Python39\Scripts\;C:\Users\91993\AppData\Local\Programs\Python\Python39\;C:\Users\91993\AppData\Local\Microsoft\WindowsApps;D:\Microsoft VS Code\bin;C:\Users\91993\AppData\Local\Programs\Microsoft VS Code\bin;C:\Program Files\Azure Data Studio\bin;C:\Users\91993\AppData\Roaming\Python\Python38\Scripts;C:\Users\91993\AppData\Roaming\Python\Python38;C:\Users\91993\AppData\Local\Programs\Python\Python38-32\Scripts;C:\msys64\mingw64\bin;C:\Users\91993\AppData\Local\Programs\Python\Python310\Lib\site-packages;C:\Users\91993\AppData\Local\Microsoft\WindowsApps;C:\Users\91993\AppData\Roaming\npm;C:\Users\91993\AppData\Roaming\Python\Python311\Scripts;D:\flutter\bin;C:\tools\dart-sdk\bin;C:\Users\91993\AppData\Local\Pub\Cache\bin;C:\Users\91993\AppData\Local\Android\Sdk\cmdline-tools\latest\bin;C:\Users\91993\AppData\Local\Android\Sdk\emulator;C:\Users\91993\AppData\Local\Android\Sdk\platform-tools;C:\Users\91993\AppData\Local\Android\Sdk\tools\bin;
USERNAME=91993
OS=Windows_NT
PROCESSOR_IDENTIFIER=Intel64 Family 6 Model 126 Stepping 5, GenuineIntel
TMP=C:\Users\91993\AppData\Local\Temp
TEMP=C:\Users\91993\AppData\Local\Temp



Periodic native trim disabled


---------------  S Y S T E M  ---------------

OS:
 Windows 11 , 64 bit Build 22621 (10.0.22621.2506)
OS uptime: 6 days 16:25 hours
Hyper-V role detected

CPU: total 8 (initial active 8) (4 cores per cpu, 2 threads per core) family 6 model 126 stepping 5 microcode 0xbc, cx8, cmov, fxsr, ht, mmx, 3dnowpref, sse, sse2, sse3, ssse3, sse4.1, sse4.2, popcnt, lzcnt, tsc, tscinvbit, avx, avx2, aes, erms, clmul, bmi1, bmi2, adx, avx512f, avx512dq, avx512cd, avx512bw, avx512vl, sha, fma, vzeroupper, avx512_vpopcntdq, avx512_vpclmulqdq, avx512_vaes, avx512_vnni, clflush, clflushopt, avx512_vbmi2, avx512_vbmi, hv
Processor Information for all 8 processors :
  Max Mhz: 1190, Current Mhz: 991, Mhz Limit: 987

Memory: 4k page, system-wide physical 7946M (290M free)
TotalPageFile size 9994M (AvailPageFile size 8M)
current process WorkingSet (physical memory assigned to process): 17M, peak: 17M
current process commit charge ("private bytes"): 167M, peak: 168M

vm_info: OpenJDK 64-Bit Server VM (17.0.9+9) for windows-amd64 JRE (17.0.9+9), built on Oct 26 2023 14:01:42 by "admin" with MS VC++ 16.10 / 16.11 (VS2019)

END.
